25-02-21 00:14:27 - WARNING - Subscribe to the mediawiki-api-announce mailing list at <https://lists.wikimedia.org/mailman/listinfo/mediawiki-api-announce> for notice of API deprecations and breaking changes.
25-02-21 00:14:27 - WARNING - Main-account login via "action=login" is deprecated and may stop working without warning. To continue login with "action=login", see [[Special:BotPasswords]]. To safely continue using main-account login, see "action=clientlogin".
25-02-21 00:14:29 - WARNING - Cannot set label in this language: dag
25-02-21 00:14:29 - WARNING - Label set operation Q7829 (dag) kambonsili failed up to 5 times... skipped.
25-02-21 10:04:36 - WARNING - Subscribe to the mediawiki-api-announce mailing list at <https://lists.wikimedia.org/mailman/listinfo/mediawiki-api-announce> for notice of API deprecations and breaking changes.
25-02-21 10:04:36 - WARNING - Main-account login via "action=login" is deprecated and may stop working without warning. To continue login with "action=login", see [[Special:BotPasswords]]. To safely continue using main-account login, see "action=clientlogin".
25-02-21 10:08:23 - WARNING - Subscribe to the mediawiki-api-announce mailing list at <https://lists.wikimedia.org/mailman/listinfo/mediawiki-api-announce> for notice of API deprecations and breaking changes.
25-02-21 10:08:23 - WARNING - Main-account login via "action=login" is deprecated and may stop working without warning. To continue login with "action=login", see [[Special:BotPasswords]]. To safely continue using main-account login, see "action=clientlogin".
25-02-21 10:36:51 - WARNING - Subscribe to the mediawiki-api-announce mailing list at <https://lists.wikimedia.org/mailman/listinfo/mediawiki-api-announce> for notice of API deprecations and breaking changes.
25-02-21 10:36:51 - WARNING - Main-account login via "action=login" is deprecated and may stop working without warning. To continue login with "action=login", see [[Special:BotPasswords]]. To safely continue using main-account login, see "action=clientlogin".
25-02-21 10:42:00 - WARNING - Subscribe to the mediawiki-api-announce mailing list at <https://lists.wikimedia.org/mailman/listinfo/mediawiki-api-announce> for notice of API deprecations and breaking changes.
25-02-21 10:42:00 - WARNING - Main-account login via "action=login" is deprecated and may stop working without warning. To continue login with "action=login", see [[Special:BotPasswords]]. To safely continue using main-account login, see "action=clientlogin".
25-02-21 10:48:43 - WARNING - Subscribe to the mediawiki-api-announce mailing list at <https://lists.wikimedia.org/mailman/listinfo/mediawiki-api-announce> for notice of API deprecations and breaking changes.
25-02-21 10:48:43 - WARNING - Main-account login via "action=login" is deprecated and may stop working without warning. To continue login with "action=login", see [[Special:BotPasswords]]. To safely continue using main-account login, see "action=clientlogin".
25-02-21 10:50:22 - WARNING - Subscribe to the mediawiki-api-announce mailing list at <https://lists.wikimedia.org/mailman/listinfo/mediawiki-api-announce> for notice of API deprecations and breaking changes.
25-02-21 10:50:22 - WARNING - Main-account login via "action=login" is deprecated and may stop working without warning. To continue login with "action=login", see [[Special:BotPasswords]]. To safely continue using main-account login, see "action=clientlogin".
25-02-21 10:50:54 - WARNING - Subscribe to the mediawiki-api-announce mailing list at <https://lists.wikimedia.org/mailman/listinfo/mediawiki-api-announce> for notice of API deprecations and breaking changes.
25-02-21 10:50:54 - WARNING - Main-account login via "action=login" is deprecated and may stop working without warning. To continue login with "action=login", see [[Special:BotPasswords]]. To safely continue using main-account login, see "action=clientlogin".
25-02-21 10:56:27 - WARNING - Subscribe to the mediawiki-api-announce mailing list at <https://lists.wikimedia.org/mailman/listinfo/mediawiki-api-announce> for notice of API deprecations and breaking changes.
25-02-21 10:56:27 - WARNING - Main-account login via "action=login" is deprecated and may stop working without warning. To continue login with "action=login", see [[Special:BotPasswords]]. To safely continue using main-account login, see "action=clientlogin".
25-02-21 10:57:33 - WARNING - Subscribe to the mediawiki-api-announce mailing list at <https://lists.wikimedia.org/mailman/listinfo/mediawiki-api-announce> for notice of API deprecations and breaking changes.
25-02-21 10:57:33 - WARNING - Main-account login via "action=login" is deprecated and may stop working without warning. To continue login with "action=login", see [[Special:BotPasswords]]. To safely continue using main-account login, see "action=clientlogin".
25-02-21 11:01:44 - WARNING - Subscribe to the mediawiki-api-announce mailing list at <https://lists.wikimedia.org/mailman/listinfo/mediawiki-api-announce> for notice of API deprecations and breaking changes.
25-02-21 11:01:44 - WARNING - Main-account login via "action=login" is deprecated and may stop working without warning. To continue login with "action=login", see [[Special:BotPasswords]]. To safely continue using main-account login, see "action=clientlogin".
25-02-21 12:08:10 - WARNING - Subscribe to the mediawiki-api-announce mailing list at <https://lists.wikimedia.org/mailman/listinfo/mediawiki-api-announce> for notice of API deprecations and breaking changes.
25-02-21 12:08:10 - WARNING - Main-account login via "action=login" is deprecated and may stop working without warning. To continue login with "action=login", see [[Special:BotPasswords]]. To safely continue using main-account login, see "action=clientlogin".
25-02-21 12:09:30 - WARNING - Subscribe to the mediawiki-api-announce mailing list at <https://lists.wikimedia.org/mailman/listinfo/mediawiki-api-announce> for notice of API deprecations and breaking changes.
25-02-21 12:09:30 - WARNING - Main-account login via "action=login" is deprecated and may stop working without warning. To continue login with "action=login", see [[Special:BotPasswords]]. To safely continue using main-account login, see "action=clientlogin".
25-02-21 17:51:29 - WARNING - Subscribe to the mediawiki-api-announce mailing list at <https://lists.wikimedia.org/mailman/listinfo/mediawiki-api-announce> for notice of API deprecations and breaking changes.
25-02-21 17:51:29 - WARNING - Main-account login via "action=login" is deprecated and may stop working without warning. To continue login with "action=login", see [[Special:BotPasswords]]. To safely continue using main-account login, see "action=clientlogin".
25-02-21 22:39:24 - WARNING - Subscribe to the mediawiki-api-announce mailing list at <https://lists.wikimedia.org/mailman/listinfo/mediawiki-api-announce> for notice of API deprecations and breaking changes.
25-02-21 22:39:24 - WARNING - Main-account login via "action=login" is deprecated and may stop working without warning. To continue login with "action=login", see [[Special:BotPasswords]]. To safely continue using main-account login, see "action=clientlogin".
26-02-21 11:32:12 - WARNING - Subscribe to the mediawiki-api-announce mailing list at <https://lists.wikimedia.org/mailman/listinfo/mediawiki-api-announce> for notice of API deprecations and breaking changes.
26-02-21 11:32:12 - WARNING - Main-account login via "action=login" is deprecated and may stop working without warning. To continue login with "action=login", see [[Special:BotPasswords]]. To safely continue using main-account login, see "action=clientlogin".
26-02-21 11:32:18 - WARNING - Subscribe to the mediawiki-api-announce mailing list at <https://lists.wikimedia.org/mailman/listinfo/mediawiki-api-announce> for notice of API deprecations and breaking changes.
26-02-21 11:32:18 - WARNING - Main-account login via "action=login" is deprecated and may stop working without warning. To continue login with "action=login", see [[Special:BotPasswords]]. To safely continue using main-account login, see "action=clientlogin".
26-02-21 11:32:57 - WARNING - Subscribe to the mediawiki-api-announce mailing list at <https://lists.wikimedia.org/mailman/listinfo/mediawiki-api-announce> for notice of API deprecations and breaking changes.
26-02-21 11:32:57 - WARNING - Main-account login via "action=login" is deprecated and may stop working without warning. To continue login with "action=login", see [[Special:BotPasswords]]. To safely continue using main-account login, see "action=clientlogin".
26-02-21 11:38:39 - WARNING - Subscribe to the mediawiki-api-announce mailing list at <https://lists.wikimedia.org/mailman/listinfo/mediawiki-api-announce> for notice of API deprecations and breaking changes.
26-02-21 11:38:39 - WARNING - Main-account login via "action=login" is deprecated and may stop working without warning. To continue login with "action=login", see [[Special:BotPasswords]]. To safely continue using main-account login, see "action=clientlogin".
26-02-21 11:38:56 - WARNING - Subscribe to the mediawiki-api-announce mailing list at <https://lists.wikimedia.org/mailman/listinfo/mediawiki-api-announce> for notice of API deprecations and breaking changes.
26-02-21 11:38:56 - WARNING - Main-account login via "action=login" is deprecated and may stop working without warning. To continue login with "action=login", see [[Special:BotPasswords]]. To safely continue using main-account login, see "action=clientlogin".
26-02-21 11:40:24 - WARNING - Subscribe to the mediawiki-api-announce mailing list at <https://lists.wikimedia.org/mailman/listinfo/mediawiki-api-announce> for notice of API deprecations and breaking changes.
26-02-21 11:40:24 - WARNING - Main-account login via "action=login" is deprecated and may stop working without warning. To continue login with "action=login", see [[Special:BotPasswords]]. To safely continue using main-account login, see "action=clientlogin".
26-02-21 11:54:16 - WARNING - Subscribe to the mediawiki-api-announce mailing list at <https://lists.wikimedia.org/mailman/listinfo/mediawiki-api-announce> for notice of API deprecations and breaking changes.
26-02-21 11:54:16 - WARNING - Main-account login via "action=login" is deprecated and may stop working without warning. To continue login with "action=login", see [[Special:BotPasswords]]. To safely continue using main-account login, see "action=clientlogin".
26-02-21 13:41:10 - WARNING - Subscribe to the mediawiki-api-announce mailing list at <https://lists.wikimedia.org/mailman/listinfo/mediawiki-api-announce> for notice of API deprecations and breaking changes.
26-02-21 13:41:10 - WARNING - Main-account login via "action=login" is deprecated and may stop working without warning. To continue login with "action=login", see [[Special:BotPasswords]]. To safely continue using main-account login, see "action=clientlogin".
26-02-21 16:07:56 - WARNING - Cannot set label in this language: dag
26-02-21 16:07:56 - WARNING - Label set operation Q10932 (dag) Dagbanli failed up to 5 times... skipped.
26-02-21 21:22:03 - WARNING - Subscribe to the mediawiki-api-announce mailing list at <https://lists.wikimedia.org/mailman/listinfo/mediawiki-api-announce> for notice of API deprecations and breaking changes.
26-02-21 21:22:03 - WARNING - Main-account login via "action=login" is deprecated and may stop working without warning. To continue login with "action=login", see [[Special:BotPasswords]]. To safely continue using main-account login, see "action=clientlogin".
26-02-21 21:22:08 - WARNING - Subscribe to the mediawiki-api-announce mailing list at <https://lists.wikimedia.org/mailman/listinfo/mediawiki-api-announce> for notice of API deprecations and breaking changes.
26-02-21 21:22:08 - WARNING - Main-account login via "action=login" is deprecated and may stop working without warning. To continue login with "action=login", see [[Special:BotPasswords]]. To safely continue using main-account login, see "action=clientlogin".
26-02-21 21:26:46 - WARNING - Subscribe to the mediawiki-api-announce mailing list at <https://lists.wikimedia.org/mailman/listinfo/mediawiki-api-announce> for notice of API deprecations and breaking changes.
26-02-21 21:26:46 - WARNING - Main-account login via "action=login" is deprecated and may stop working without warning. To continue login with "action=login", see [[Special:BotPasswords]]. To safely continue using main-account login, see "action=clientlogin".
26-02-21 21:26:50 - WARNING - Subscribe to the mediawiki-api-announce mailing list at <https://lists.wikimedia.org/mailman/listinfo/mediawiki-api-announce> for notice of API deprecations and breaking changes.
26-02-21 21:26:50 - WARNING - Main-account login via "action=login" is deprecated and may stop working without warning. To continue login with "action=login", see [[Special:BotPasswords]]. To safely continue using main-account login, see "action=clientlogin".
26-02-21 21:27:43 - WARNING - Subscribe to the mediawiki-api-announce mailing list at <https://lists.wikimedia.org/mailman/listinfo/mediawiki-api-announce> for notice of API deprecations and breaking changes.
26-02-21 21:27:43 - WARNING - Main-account login via "action=login" is deprecated and may stop working without warning. To continue login with "action=login", see [[Special:BotPasswords]]. To safely continue using main-account login, see "action=clientlogin".
26-02-21 21:27:48 - WARNING - Subscribe to the mediawiki-api-announce mailing list at <https://lists.wikimedia.org/mailman/listinfo/mediawiki-api-announce> for notice of API deprecations and breaking changes.
26-02-21 21:27:48 - WARNING - Main-account login via "action=login" is deprecated and may stop working without warning. To continue login with "action=login", see [[Special:BotPasswords]]. To safely continue using main-account login, see "action=clientlogin".
26-02-21 21:34:40 - WARNING - Subscribe to the mediawiki-api-announce mailing list at <https://lists.wikimedia.org/mailman/listinfo/mediawiki-api-announce> for notice of API deprecations and breaking changes.
26-02-21 21:34:40 - WARNING - Main-account login via "action=login" is deprecated and may stop working without warning. To continue login with "action=login", see [[Special:BotPasswords]]. To safely continue using main-account login, see "action=clientlogin".
26-02-21 21:34:45 - WARNING - Subscribe to the mediawiki-api-announce mailing list at <https://lists.wikimedia.org/mailman/listinfo/mediawiki-api-announce> for notice of API deprecations and breaking changes.
26-02-21 21:34:45 - WARNING - Main-account login via "action=login" is deprecated and may stop working without warning. To continue login with "action=login", see [[Special:BotPasswords]]. To safely continue using main-account login, see "action=clientlogin".
26-02-21 21:35:54 - WARNING - Subscribe to the mediawiki-api-announce mailing list at <https://lists.wikimedia.org/mailman/listinfo/mediawiki-api-announce> for notice of API deprecations and breaking changes.
26-02-21 21:35:54 - WARNING - Main-account login via "action=login" is deprecated and may stop working without warning. To continue login with "action=login", see [[Special:BotPasswords]]. To safely continue using main-account login, see "action=clientlogin".
26-02-21 21:35:58 - WARNING - Subscribe to the mediawiki-api-announce mailing list at <https://lists.wikimedia.org/mailman/listinfo/mediawiki-api-announce> for notice of API deprecations and breaking changes.
26-02-21 21:35:58 - WARNING - Main-account login via "action=login" is deprecated and may stop working without warning. To continue login with "action=login", see [[Special:BotPasswords]]. To safely continue using main-account login, see "action=clientlogin".
26-02-21 21:49:48 - WARNING - Subscribe to the mediawiki-api-announce mailing list at <https://lists.wikimedia.org/mailman/listinfo/mediawiki-api-announce> for notice of API deprecations and breaking changes.
26-02-21 21:49:48 - WARNING - Main-account login via "action=login" is deprecated and may stop working without warning. To continue login with "action=login", see [[Special:BotPasswords]]. To safely continue using main-account login, see "action=clientlogin".
26-02-21 21:49:53 - WARNING - Subscribe to the mediawiki-api-announce mailing list at <https://lists.wikimedia.org/mailman/listinfo/mediawiki-api-announce> for notice of API deprecations and breaking changes.
26-02-21 21:49:53 - WARNING - Main-account login via "action=login" is deprecated and may stop working without warning. To continue login with "action=login", see [[Special:BotPasswords]]. To safely continue using main-account login, see "action=clientlogin".
26-02-21 21:57:59 - WARNING - Subscribe to the mediawiki-api-announce mailing list at <https://lists.wikimedia.org/mailman/listinfo/mediawiki-api-announce> for notice of API deprecations and breaking changes.
26-02-21 21:57:59 - WARNING - Main-account login via "action=login" is deprecated and may stop working without warning. To continue login with "action=login", see [[Special:BotPasswords]]. To safely continue using main-account login, see "action=clientlogin".
26-02-21 21:58:19 - ERROR - 
bibimport.py:
Error at input line [1] http://worldcat.org/isbn/9780003750294
name 'prop' is not defined
26-02-21 21:58:24 - ERROR - 
bibimport.py:
Error at input line [1] http://worldcat.org/isbn/9780003750294
name 'prop' is not defined
26-02-21 22:01:47 - WARNING - Subscribe to the mediawiki-api-announce mailing list at <https://lists.wikimedia.org/mailman/listinfo/mediawiki-api-announce> for notice of API deprecations and breaking changes.
26-02-21 22:01:47 - WARNING - Main-account login via "action=login" is deprecated and may stop working without warning. To continue login with "action=login", see [[Special:BotPasswords]]. To safely continue using main-account login, see "action=clientlogin".
26-02-21 22:01:52 - WARNING - Subscribe to the mediawiki-api-announce mailing list at <https://lists.wikimedia.org/mailman/listinfo/mediawiki-api-announce> for notice of API deprecations and breaking changes.
26-02-21 22:01:52 - WARNING - Main-account login via "action=login" is deprecated and may stop working without warning. To continue login with "action=login", see [[Special:BotPasswords]]. To safely continue using main-account login, see "action=clientlogin".
26-02-21 22:02:29 - WARNING - Subscribe to the mediawiki-api-announce mailing list at <https://lists.wikimedia.org/mailman/listinfo/mediawiki-api-announce> for notice of API deprecations and breaking changes.
26-02-21 22:02:29 - WARNING - Main-account login via "action=login" is deprecated and may stop working without warning. To continue login with "action=login", see [[Special:BotPasswords]]. To safely continue using main-account login, see "action=clientlogin".
26-02-21 22:03:23 - ERROR - 
bibimport.py:
Error at input line [1] http://worldcat.org/isbn/9780003750294
'Qualifiers'
26-02-21 22:03:25 - ERROR - 
bibimport.py:
Error at input line [1] http://worldcat.org/isbn/9780003750294
'Qualifiers'
26-02-21 22:03:28 - ERROR - 
bibimport.py:
Error at input line [1] http://worldcat.org/isbn/9780003750294
'Qualifiers'
26-02-21 22:03:30 - ERROR - 
bibimport.py:
Error at input line [1] http://worldcat.org/isbn/9780003750294
'Qualifiers'
26-02-21 22:03:32 - ERROR - 
bibimport.py:
Error at input line [1] http://worldcat.org/isbn/9780003750294
'Qualifiers'
26-02-21 22:05:45 - WARNING - Subscribe to the mediawiki-api-announce mailing list at <https://lists.wikimedia.org/mailman/listinfo/mediawiki-api-announce> for notice of API deprecations and breaking changes.
26-02-21 22:05:45 - WARNING - Main-account login via "action=login" is deprecated and may stop working without warning. To continue login with "action=login", see [[Special:BotPasswords]]. To safely continue using main-account login, see "action=clientlogin".
26-02-21 22:05:57 - ERROR - 
bibimport.py:
Error at input line [1] http://worldcat.org/isbn/9780003750294
'Qualifiers'
26-02-21 22:05:59 - ERROR - 
bibimport.py:
Error at input line [1] http://worldcat.org/isbn/9780003750294
'Qualifiers'
26-02-21 22:06:01 - ERROR - 
bibimport.py:
Error at input line [1] http://worldcat.org/isbn/9780003750294
'Qualifiers'
26-02-21 22:06:03 - ERROR - 
bibimport.py:
Error at input line [1] http://worldcat.org/isbn/9780003750294
'Qualifiers'
26-02-21 22:06:05 - ERROR - 
bibimport.py:
Error at input line [1] http://worldcat.org/isbn/9780003750294
'Qualifiers'
26-02-21 22:06:37 - WARNING - Subscribe to the mediawiki-api-announce mailing list at <https://lists.wikimedia.org/mailman/listinfo/mediawiki-api-announce> for notice of API deprecations and breaking changes.
26-02-21 22:06:37 - WARNING - Main-account login via "action=login" is deprecated and may stop working without warning. To continue login with "action=login", see [[Special:BotPasswords]]. To safely continue using main-account login, see "action=clientlogin".
26-02-21 22:06:43 - ERROR - 
bibimport.py:
Error at input line [1] http://worldcat.org/isbn/9780003750294
name 'done' is not defined
26-02-21 22:06:46 - ERROR - 
bibimport.py:
Error at input line [1] http://worldcat.org/isbn/9780003750294
name 'done' is not defined
26-02-21 22:06:48 - ERROR - 
bibimport.py:
Error at input line [1] http://worldcat.org/isbn/9780003750294
name 'done' is not defined
26-02-21 22:06:49 - ERROR - 
bibimport.py:
Error at input line [1] http://worldcat.org/isbn/9780003750294
name 'done' is not defined
26-02-21 22:06:51 - ERROR - 
bibimport.py:
Error at input line [1] http://worldcat.org/isbn/9780003750294
name 'done' is not defined
26-02-21 22:07:59 - WARNING - Subscribe to the mediawiki-api-announce mailing list at <https://lists.wikimedia.org/mailman/listinfo/mediawiki-api-announce> for notice of API deprecations and breaking changes.
26-02-21 22:07:59 - WARNING - Main-account login via "action=login" is deprecated and may stop working without warning. To continue login with "action=login", see [[Special:BotPasswords]]. To safely continue using main-account login, see "action=clientlogin".
26-02-21 22:08:05 - ERROR - 
bibimport.py:
Error at input line [1] http://worldcat.org/isbn/9780003750294
name 'lwb' is not defined
26-02-21 22:08:07 - ERROR - 
bibimport.py:
Error at input line [1] http://worldcat.org/isbn/9780003750294
name 'lwb' is not defined
26-02-21 22:08:09 - ERROR - 
bibimport.py:
Error at input line [1] http://worldcat.org/isbn/9780003750294
name 'lwb' is not defined
26-02-21 22:08:10 - ERROR - 
bibimport.py:
Error at input line [1] http://worldcat.org/isbn/9780003750294
name 'lwb' is not defined
26-02-21 22:08:12 - ERROR - 
bibimport.py:
Error at input line [1] http://worldcat.org/isbn/9780003750294
name 'lwb' is not defined
26-02-21 22:08:38 - WARNING - Subscribe to the mediawiki-api-announce mailing list at <https://lists.wikimedia.org/mailman/listinfo/mediawiki-api-announce> for notice of API deprecations and breaking changes.
26-02-21 22:08:38 - WARNING - Main-account login via "action=login" is deprecated and may stop working without warning. To continue login with "action=login", see [[Special:BotPasswords]]. To safely continue using main-account login, see "action=clientlogin".
26-02-21 22:08:45 - ERROR - 
bibimport.py:
Error at input line [1] http://worldcat.org/isbn/9780003750294
('missingparam', 'The "claim" parameter must be set.', 'See https://data.lexbib.org/w/api.php for API usage. Subscribe to the mediawiki-api-announce mailing list at &lt;https://lists.wikimedia.org/mailman/listinfo/mediawiki-api-announce&gt; for notice of API deprecations and breaking changes.')
26-02-21 22:08:47 - ERROR - 
bibimport.py:
Error at input line [1] http://worldcat.org/isbn/9780003750294
('missingparam', 'The "claim" parameter must be set.', 'See https://data.lexbib.org/w/api.php for API usage. Subscribe to the mediawiki-api-announce mailing list at &lt;https://lists.wikimedia.org/mailman/listinfo/mediawiki-api-announce&gt; for notice of API deprecations and breaking changes.')
26-02-21 22:08:49 - ERROR - 
bibimport.py:
Error at input line [1] http://worldcat.org/isbn/9780003750294
('missingparam', 'The "claim" parameter must be set.', 'See https://data.lexbib.org/w/api.php for API usage. Subscribe to the mediawiki-api-announce mailing list at &lt;https://lists.wikimedia.org/mailman/listinfo/mediawiki-api-announce&gt; for notice of API deprecations and breaking changes.')
26-02-21 22:08:51 - ERROR - 
bibimport.py:
Error at input line [1] http://worldcat.org/isbn/9780003750294
('missingparam', 'The "claim" parameter must be set.', 'See https://data.lexbib.org/w/api.php for API usage. Subscribe to the mediawiki-api-announce mailing list at &lt;https://lists.wikimedia.org/mailman/listinfo/mediawiki-api-announce&gt; for notice of API deprecations and breaking changes.')
26-02-21 22:08:54 - ERROR - 
bibimport.py:
Error at input line [1] http://worldcat.org/isbn/9780003750294
('missingparam', 'The "claim" parameter must be set.', 'See https://data.lexbib.org/w/api.php for API usage. Subscribe to the mediawiki-api-announce mailing list at &lt;https://lists.wikimedia.org/mailman/listinfo/mediawiki-api-announce&gt; for notice of API deprecations and breaking changes.')
26-02-21 22:14:54 - WARNING - Subscribe to the mediawiki-api-announce mailing list at <https://lists.wikimedia.org/mailman/listinfo/mediawiki-api-announce> for notice of API deprecations and breaking changes.
26-02-21 22:14:54 - WARNING - Main-account login via "action=login" is deprecated and may stop working without warning. To continue login with "action=login", see [[Special:BotPasswords]]. To safely continue using main-account login, see "action=clientlogin".
26-02-21 22:41:33 - WARNING - Subscribe to the mediawiki-api-announce mailing list at <https://lists.wikimedia.org/mailman/listinfo/mediawiki-api-announce> for notice of API deprecations and breaking changes.
26-02-21 22:41:33 - WARNING - Main-account login via "action=login" is deprecated and may stop working without warning. To continue login with "action=login", see [[Special:BotPasswords]]. To safely continue using main-account login, see "action=clientlogin".
26-02-21 22:43:05 - WARNING - Subscribe to the mediawiki-api-announce mailing list at <https://lists.wikimedia.org/mailman/listinfo/mediawiki-api-announce> for notice of API deprecations and breaking changes.
26-02-21 22:43:05 - WARNING - Main-account login via "action=login" is deprecated and may stop working without warning. To continue login with "action=login", see [[Special:BotPasswords]]. To safely continue using main-account login, see "action=clientlogin".
26-02-21 22:43:11 - ERROR - bibimport.py:Error at input line [1] http://worldcat.org/isbn/9780003750294:('modification-failed', 'The statement has already a qualifier with hash 75467a6a96b03d4aa429385b78d1f9093d90aa81', 'See https://data.lexbib.org/w/api.php for API usage. Subscribe to the mediawiki-api-announce mailing list at &lt;https://lists.wikimedia.org/mailman/listinfo/mediawiki-api-announce&gt; for notice of API deprecations and breaking changes.')
26-02-21 22:43:13 - ERROR - bibimport.py:Error at input line [1] http://worldcat.org/isbn/9780003750294:('modification-failed', 'The statement has already a qualifier with hash 75467a6a96b03d4aa429385b78d1f9093d90aa81', 'See https://data.lexbib.org/w/api.php for API usage. Subscribe to the mediawiki-api-announce mailing list at &lt;https://lists.wikimedia.org/mailman/listinfo/mediawiki-api-announce&gt; for notice of API deprecations and breaking changes.')
26-02-21 22:43:17 - ERROR - bibimport.py:Error at input line [1] http://worldcat.org/isbn/9780003750294:('modification-failed', 'The statement has already a qualifier with hash 75467a6a96b03d4aa429385b78d1f9093d90aa81', 'See https://data.lexbib.org/w/api.php for API usage. Subscribe to the mediawiki-api-announce mailing list at &lt;https://lists.wikimedia.org/mailman/listinfo/mediawiki-api-announce&gt; for notice of API deprecations and breaking changes.')
26-02-21 22:43:19 - ERROR - bibimport.py:Error at input line [1] http://worldcat.org/isbn/9780003750294:('modification-failed', 'The statement has already a qualifier with hash 75467a6a96b03d4aa429385b78d1f9093d90aa81', 'See https://data.lexbib.org/w/api.php for API usage. Subscribe to the mediawiki-api-announce mailing list at &lt;https://lists.wikimedia.org/mailman/listinfo/mediawiki-api-announce&gt; for notice of API deprecations and breaking changes.')
26-02-21 22:43:21 - ERROR - bibimport.py:Error at input line [1] http://worldcat.org/isbn/9780003750294:('modification-failed', 'The statement has already a qualifier with hash 75467a6a96b03d4aa429385b78d1f9093d90aa81', 'See https://data.lexbib.org/w/api.php for API usage. Subscribe to the mediawiki-api-announce mailing list at &lt;https://lists.wikimedia.org/mailman/listinfo/mediawiki-api-announce&gt; for notice of API deprecations and breaking changes.')
26-02-21 22:47:53 - ERROR - Label set operation Q11448 (it) lingua lidia failed, will try again...
Traceback (most recent call last):
  File "C:\Python38\lib\site-packages\urllib3\connectionpool.py", line 426, in _make_request
    six.raise_from(e, None)
  File "<string>", line 3, in raise_from
  File "C:\Python38\lib\site-packages\urllib3\connectionpool.py", line 421, in _make_request
    httplib_response = conn.getresponse()
  File "C:\Python38\lib\http\client.py", line 1347, in getresponse
    response.begin()
  File "C:\Python38\lib\http\client.py", line 307, in begin
    version, status, reason = self._read_status()
  File "C:\Python38\lib\http\client.py", line 268, in _read_status
    line = str(self.fp.readline(_MAXLINE + 1), "iso-8859-1")
  File "C:\Python38\lib\socket.py", line 669, in readinto
    return self._sock.recv_into(b)
  File "C:\Python38\lib\ssl.py", line 1241, in recv_into
    return self.read(nbytes, buffer)
  File "C:\Python38\lib\ssl.py", line 1099, in read
    return self._sslobj.read(len, buffer)
socket.timeout: The read operation timed out

During handling of the above exception, another exception occurred:

Traceback (most recent call last):
  File "C:\Python38\lib\site-packages\requests\adapters.py", line 439, in send
    resp = conn.urlopen(
  File "C:\Python38\lib\site-packages\urllib3\connectionpool.py", line 726, in urlopen
    retries = retries.increment(
  File "C:\Python38\lib\site-packages\urllib3\util\retry.py", line 403, in increment
    raise six.reraise(type(error), error, _stacktrace)
  File "C:\Python38\lib\site-packages\urllib3\packages\six.py", line 735, in reraise
    raise value
  File "C:\Python38\lib\site-packages\urllib3\connectionpool.py", line 670, in urlopen
    httplib_response = self._make_request(
  File "C:\Python38\lib\site-packages\urllib3\connectionpool.py", line 428, in _make_request
    self._raise_timeout(err=e, url=url, timeout_value=read_timeout)
  File "C:\Python38\lib\site-packages\urllib3\connectionpool.py", line 335, in _raise_timeout
    raise ReadTimeoutError(
urllib3.exceptions.ReadTimeoutError: HTTPSConnectionPool(host='data.lexbib.org', port=443): Read timed out. (read timeout=30)

During handling of the above exception, another exception occurred:

Traceback (most recent call last):
  File "D:\GitHub\zotero_lexbib_rdf\wikibase\lwb.py", line 253, in setlabel
    request = site.post('wbsetlabel', id=s, language=lang, value=value, token=token, bot=True)
  File "C:\Python38\lib\site-packages\mwclient\client.py", line 245, in post
    return self.api(action, 'POST', *args, **kwargs)
  File "C:\Python38\lib\site-packages\mwclient\client.py", line 285, in api
    info = self.raw_api(action, http_method, **kwargs)
  File "C:\Python38\lib\site-packages\mwclient\client.py", line 437, in raw_api
    res = self.raw_call('api', data, retry_on_error=retry_on_error,
  File "C:\Python38\lib\site-packages\mwclient\client.py", line 399, in raw_call
    stream = self.connection.request(http_method, url, **args)
  File "C:\Python38\lib\site-packages\requests\sessions.py", line 530, in request
    resp = self.send(prep, **send_kwargs)
  File "C:\Python38\lib\site-packages\requests\sessions.py", line 643, in send
    r = adapter.send(request, **kwargs)
  File "C:\Python38\lib\site-packages\requests\adapters.py", line 529, in send
    raise ReadTimeout(e, request=request)
requests.exceptions.ReadTimeout: HTTPSConnectionPool(host='data.lexbib.org', port=443): Read timed out. (read timeout=30)
26-02-21 22:48:38 - WARNING - Subscribe to the mediawiki-api-announce mailing list at <https://lists.wikimedia.org/mailman/listinfo/mediawiki-api-announce> for notice of API deprecations and breaking changes.
26-02-21 22:48:38 - WARNING - Main-account login via "action=login" is deprecated and may stop working without warning. To continue login with "action=login", see [[Special:BotPasswords]]. To safely continue using main-account login, see "action=clientlogin".
26-02-21 22:48:45 - ERROR - bibimport.py:Error at input line [1] http://worldcat.org/isbn/9780003750294:argument of type 'APIError' is not iterable
26-02-21 22:48:46 - ERROR - bibimport.py:Error at input line [1] http://worldcat.org/isbn/9780003750294:argument of type 'APIError' is not iterable
26-02-21 22:48:49 - ERROR - bibimport.py:Error at input line [1] http://worldcat.org/isbn/9780003750294:argument of type 'APIError' is not iterable
26-02-21 22:48:51 - ERROR - bibimport.py:Error at input line [1] http://worldcat.org/isbn/9780003750294:argument of type 'APIError' is not iterable
26-02-21 22:48:53 - ERROR - bibimport.py:Error at input line [1] http://worldcat.org/isbn/9780003750294:argument of type 'APIError' is not iterable
26-02-21 22:49:42 - WARNING - Subscribe to the mediawiki-api-announce mailing list at <https://lists.wikimedia.org/mailman/listinfo/mediawiki-api-announce> for notice of API deprecations and breaking changes.
26-02-21 22:49:42 - WARNING - Main-account login via "action=login" is deprecated and may stop working without warning. To continue login with "action=login", see [[Special:BotPasswords]]. To safely continue using main-account login, see "action=clientlogin".
26-02-21 23:03:03 - WARNING - Subscribe to the mediawiki-api-announce mailing list at <https://lists.wikimedia.org/mailman/listinfo/mediawiki-api-announce> for notice of API deprecations and breaking changes.
26-02-21 23:03:03 - WARNING - Main-account login via "action=login" is deprecated and may stop working without warning. To continue login with "action=login", see [[Special:BotPasswords]]. To safely continue using main-account login, see "action=clientlogin".
26-02-21 23:03:13 - WARNING - Subscribe to the mediawiki-api-announce mailing list at <https://lists.wikimedia.org/mailman/listinfo/mediawiki-api-announce> for notice of API deprecations and breaking changes.
26-02-21 23:03:13 - WARNING - Main-account login via "action=login" is deprecated and may stop working without warning. To continue login with "action=login", see [[Special:BotPasswords]]. To safely continue using main-account login, see "action=clientlogin".
26-02-21 23:03:18 - WARNING - Subscribe to the mediawiki-api-announce mailing list at <https://lists.wikimedia.org/mailman/listinfo/mediawiki-api-announce> for notice of API deprecations and breaking changes.
26-02-21 23:03:18 - WARNING - Main-account login via "action=login" is deprecated and may stop working without warning. To continue login with "action=login", see [[Special:BotPasswords]]. To safely continue using main-account login, see "action=clientlogin".
26-02-21 23:04:33 - WARNING - Subscribe to the mediawiki-api-announce mailing list at <https://lists.wikimedia.org/mailman/listinfo/mediawiki-api-announce> for notice of API deprecations and breaking changes.
26-02-21 23:04:33 - WARNING - Main-account login via "action=login" is deprecated and may stop working without warning. To continue login with "action=login", see [[Special:BotPasswords]]. To safely continue using main-account login, see "action=clientlogin".
26-02-21 23:04:38 - WARNING - Subscribe to the mediawiki-api-announce mailing list at <https://lists.wikimedia.org/mailman/listinfo/mediawiki-api-announce> for notice of API deprecations and breaking changes.
26-02-21 23:04:38 - WARNING - Main-account login via "action=login" is deprecated and may stop working without warning. To continue login with "action=login", see [[Special:BotPasswords]]. To safely continue using main-account login, see "action=clientlogin".
26-02-21 23:04:47 - WARNING - Subscribe to the mediawiki-api-announce mailing list at <https://lists.wikimedia.org/mailman/listinfo/mediawiki-api-announce> for notice of API deprecations and breaking changes.
26-02-21 23:04:47 - WARNING - Main-account login via "action=login" is deprecated and may stop working without warning. To continue login with "action=login", see [[Special:BotPasswords]]. To safely continue using main-account login, see "action=clientlogin".
